{"/Users/grantkang/Desktop/projects/ssr-auth/server/ormconfig.js": {"path":"/Users/grantkang/Desktop/projects/ssr-auth/server/ormconfig.js","statementMap":{"0":{"start":{"line":1,"column":15},"end":{"line":1,"column":46}},"1":{"start":{"line":2,"column":11},"end":{"line":2,"column":43}},"2":{"start":{"line":4,"column":15},"end":{"line":62,"column":1}},"3":{"start":{"line":64,"column":0},"end":{"line":64,"column":45}}},"fnMap":{},"branchMap":{},"s":{"0":1,"1":1,"2":1,"3":1},"f":{},"b":{},"_coverageSchema":"43e27e138ebf9cfc5966b082cf9a028302ed4184","hash":"6d9dd8f7e202cc9b0c17cc44c9f884a6f0775621"}
,"/Users/grantkang/Desktop/projects/ssr-auth/server/src/__tests__/mocks/server.ts": {"path":"/Users/grantkang/Desktop/projects/ssr-auth/server/src/__tests__/mocks/server.ts","statementMap":{"0":{"start":{"line":1,"column":0},"end":{"line":1,"column":null}},"1":{"start":{"line":3,"column":0},"end":{"line":3,"column":null}},"2":{"start":{"line":4,"column":0},"end":{"line":4,"column":null}},"3":{"start":{"line":5,"column":0},"end":{"line":5,"column":null}},"4":{"start":{"line":6,"column":0},"end":{"line":6,"column":null}},"5":{"start":{"line":7,"column":0},"end":{"line":7,"column":null}},"6":{"start":{"line":9,"column":13},"end":{"line":9,"column":26}},"7":{"start":{"line":12,"column":4},"end":{"line":12,"column":11}},"8":{"start":{"line":21,"column":53},"end":{"line":21,"column":null}},"9":{"start":{"line":27,"column":13},"end":{"line":27,"column":22}},"10":{"start":{"line":27,"column":33},"end":{"line":27,"column":34}},"11":{"start":{"line":27,"column":34},"end":{"line":27,"column":41}}},"fnMap":{"0":{"name":"(anonymous_7)","decl":{"start":{"line":11,"column":11},"end":{"line":11,"column":16}},"loc":{"start":{"line":11,"column":16},"end":{"line":24,"column":null}}},"1":{"name":"(anonymous_8)","decl":{"start":{"line":21,"column":16},"end":{"line":21,"column":17}},"loc":{"start":{"line":21,"column":53},"end":{"line":21,"column":null}}},"2":{"name":"(anonymous_9)","decl":{"start":{"line":27,"column":22},"end":{"line":27,"column":33}},"loc":{"start":{"line":27,"column":33},"end":{"line":27,"column":34}}},"3":{"name":"(anonymous_10)","decl":{"start":{"line":27,"column":33},"end":{"line":27,"column":34}},"loc":{"start":{"line":27,"column":33},"end":{"line":27,"column":null}}}},"branchMap":{"0":{"loc":{"start":{"line":27,"column":68},"end":{"line":27,"column":79}},"type":"cond-expr","locations":[{"start":{"line":27,"column":68},"end":{"line":27,"column":79}},{"start":{"line":27,"column":97},"end":{"line":27,"column":101}}]}},"s":{"0":1,"1":1,"2":1,"3":1,"4":1,"5":1,"6":1,"7":4,"8":2,"9":1,"10":1,"11":1},"f":{"0":4,"1":2,"2":1,"3":1},"b":{"0":[0,1]}}
,"/Users/grantkang/Desktop/projects/ssr-auth/server/src/entity/User.ts": {"path":"/Users/grantkang/Desktop/projects/ssr-auth/server/src/entity/User.ts","statementMap":{"0":{"start":{"line":1,"column":0},"end":{"line":1,"column":null}},"1":{"start":{"line":2,"column":0},"end":{"line":2,"column":null}},"2":{"start":{"line":6,"column":0},"end":{"line":6,"column":null}},"3":{"start":{"line":9,"column":2},"end":{"line":9,"column":13}},"4":{"start":{"line":7,"column":15},"end":{"line":7,"column":null}},"5":{"start":{"line":13,"column":2},"end":{"line":13,"column":16}},"6":{"start":{"line":16,"column":2},"end":{"line":16,"column":19}},"7":{"start":{"line":6,"column":13},"end":{"line":6,"column":17}}},"fnMap":{"0":{"name":"(anonymous_2)","decl":{"start":{"line":7,"column":9},"end":{"line":7,"column":15}},"loc":{"start":{"line":7,"column":15},"end":{"line":7,"column":null}}}},"branchMap":{},"s":{"0":1,"1":1,"2":1,"3":1,"4":1,"5":1,"6":1,"7":2},"f":{"0":1},"b":{}}
,"/Users/grantkang/Desktop/projects/ssr-auth/server/src/resolvers/UserResolver.ts": {"path":"/Users/grantkang/Desktop/projects/ssr-auth/server/src/resolvers/UserResolver.ts","statementMap":{"0":{"start":{"line":1,"column":0},"end":{"line":1,"column":null}},"1":{"start":{"line":11,"column":0},"end":{"line":11,"column":null}},"2":{"start":{"line":12,"column":0},"end":{"line":12,"column":null}},"3":{"start":{"line":13,"column":0},"end":{"line":13,"column":null}},"4":{"start":{"line":18,"column":0},"end":{"line":18,"column":null}},"5":{"start":{"line":19,"column":0},"end":{"line":19,"column":null}},"6":{"start":{"line":22,"column":0},"end":{"line":22,"column":null}},"7":{"start":{"line":24,"column":2},"end":{"line":24,"column":22}},"8":{"start":{"line":26,"column":2},"end":{"line":26,"column":8}},"9":{"start":{"line":25,"column":15},"end":{"line":25,"column":null}},"10":{"start":{"line":22,"column":6},"end":{"line":22,"column":19}},"11":{"start":{"line":30,"column":0},"end":{"line":30,"column":null}},"12":{"start":{"line":33,"column":4},"end":{"line":33,"column":11}},"13":{"start":{"line":38,"column":4},"end":{"line":38,"column":11}},"14":{"start":{"line":45,"column":4},"end":{"line":45,"column":11}},"15":{"start":{"line":51,"column":4},"end":{"line":56,"column":null}},"16":{"start":{"line":52,"column":6},"end":{"line":52,"column":13}},"17":{"start":{"line":54,"column":6},"end":{"line":54,"column":13}},"18":{"start":{"line":55,"column":6},"end":{"line":55,"column":13}},"19":{"start":{"line":64,"column":27},"end":{"line":64,"column":38}},"20":{"start":{"line":66,"column":4},"end":{"line":77,"column":null}},"21":{"start":{"line":67,"column":19},"end":{"line":67,"column":30}},"22":{"start":{"line":71,"column":6},"end":{"line":71,"column":13}},"23":{"start":{"line":73,"column":6},"end":{"line":75,"column":null}},"24":{"start":{"line":74,"column":8},"end":{"line":74,"column":14}},"25":{"start":{"line":76,"column":6},"end":{"line":76,"column":13}},"26":{"start":{"line":86,"column":4},"end":{"line":112,"column":null}},"27":{"start":{"line":87,"column":19},"end":{"line":87,"column":30}},"28":{"start":{"line":89,"column":6},"end":{"line":91,"column":null}},"29":{"start":{"line":90,"column":8},"end":{"line":90,"column":14}},"30":{"start":{"line":93,"column":20},"end":{"line":93,"column":34}},"31":{"start":{"line":95,"column":6},"end":{"line":97,"column":null}},"32":{"start":{"line":96,"column":8},"end":{"line":96,"column":14}},"33":{"start":{"line":102,"column":6},"end":{"line":102,"column":23}},"34":{"start":{"line":105,"column":6},"end":{"line":105,"column":13}},"35":{"start":{"line":110,"column":6},"end":{"line":110,"column":13}},"36":{"start":{"line":111,"column":6},"end":{"line":111,"column":13}},"37":{"start":{"line":118,"column":4},"end":{"line":118,"column":21}},"38":{"start":{"line":119,"column":4},"end":{"line":119,"column":11}},"39":{"start":{"line":32,"column":2},"end":{"line":32,"column":7}},"40":{"start":{"line":31,"column":15},"end":{"line":31,"column":null}},"41":{"start":{"line":37,"column":2},"end":{"line":37,"column":8}},"42":{"start":{"line":36,"column":15},"end":{"line":36,"column":16}},"43":{"start":{"line":44,"column":2},"end":{"line":44,"column":5}},"44":{"start":{"line":42,"column":15},"end":{"line":42,"column":null}},"45":{"start":{"line":50,"column":2},"end":{"line":50,"column":8}},"46":{"start":{"line":48,"column":15},"end":{"line":48,"column":null}},"47":{"start":{"line":60,"column":2},"end":{"line":60,"column":8}},"48":{"start":{"line":59,"column":18},"end":{"line":59,"column":null}},"49":{"start":{"line":81,"column":2},"end":{"line":81,"column":8}},"50":{"start":{"line":80,"column":18},"end":{"line":80,"column":null}},"51":{"start":{"line":116,"column":2},"end":{"line":116,"column":8}},"52":{"start":{"line":115,"column":18},"end":{"line":115,"column":null}},"53":{"start":{"line":30,"column":13},"end":{"line":30,"column":25}}},"fnMap":{"0":{"name":"(anonymous_11)","decl":{"start":{"line":25,"column":9},"end":{"line":25,"column":15}},"loc":{"start":{"line":25,"column":15},"end":{"line":25,"column":null}}},"1":{"name":"(anonymous_12)","decl":{"start":{"line":32,"column":2},"end":{"line":32,"column":7}},"loc":{"start":{"line":32,"column":7},"end":{"line":34,"column":null}}},"2":{"name":"(anonymous_13)","decl":{"start":{"line":37,"column":8},"end":{"line":37,"column":13}},"loc":{"start":{"line":37,"column":13},"end":{"line":39,"column":null}}},"3":{"name":"(anonymous_15)","decl":{"start":{"line":44,"column":2},"end":{"line":44,"column":5}},"loc":{"start":{"line":44,"column":35},"end":{"line":46,"column":null}}},"4":{"name":"(anonymous_16)","decl":{"start":{"line":50,"column":8},"end":{"line":50,"column":10}},"loc":{"start":{"line":50,"column":40},"end":{"line":57,"column":null}}},"5":{"name":"(anonymous_18)","decl":{"start":{"line":60,"column":8},"end":{"line":60,"column":16}},"loc":{"start":{"line":62,"column":37},"end":{"line":78,"column":null}}},"6":{"name":"(anonymous_20)","decl":{"start":{"line":81,"column":8},"end":{"line":81,"column":13}},"loc":{"start":{"line":84,"column":29},"end":{"line":113,"column":null}}},"7":{"name":"(anonymous_22)","decl":{"start":{"line":116,"column":8},"end":{"line":116,"column":14}},"loc":{"start":{"line":116,"column":40},"end":{"line":120,"column":null}}},"8":{"name":"(anonymous_24)","decl":{"start":{"line":31,"column":9},"end":{"line":31,"column":15}},"loc":{"start":{"line":31,"column":15},"end":{"line":31,"column":null}}},"9":{"name":"(anonymous_25)","decl":{"start":{"line":36,"column":9},"end":{"line":36,"column":15}},"loc":{"start":{"line":36,"column":15},"end":{"line":36,"column":16}}},"10":{"name":"(anonymous_26)","decl":{"start":{"line":42,"column":9},"end":{"line":42,"column":15}},"loc":{"start":{"line":42,"column":15},"end":{"line":42,"column":null}}},"11":{"name":"(anonymous_27)","decl":{"start":{"line":48,"column":9},"end":{"line":48,"column":15}},"loc":{"start":{"line":48,"column":15},"end":{"line":48,"column":null}}},"12":{"name":"(anonymous_28)","decl":{"start":{"line":59,"column":12},"end":{"line":59,"column":18}},"loc":{"start":{"line":59,"column":18},"end":{"line":59,"column":null}}},"13":{"name":"(anonymous_29)","decl":{"start":{"line":80,"column":12},"end":{"line":80,"column":18}},"loc":{"start":{"line":80,"column":18},"end":{"line":80,"column":null}}},"14":{"name":"(anonymous_30)","decl":{"start":{"line":115,"column":12},"end":{"line":115,"column":18}},"loc":{"start":{"line":115,"column":18},"end":{"line":115,"column":null}}}},"branchMap":{"0":{"loc":{"start":{"line":73,"column":6},"end":{"line":75,"column":null}},"type":"if","locations":[{"start":{"line":73,"column":6},"end":{"line":75,"column":null}},{"start":{"line":73,"column":6},"end":{"line":75,"column":null}}]},"1":{"loc":{"start":{"line":89,"column":6},"end":{"line":91,"column":null}},"type":"if","locations":[{"start":{"line":89,"column":6},"end":{"line":91,"column":null}},{"start":{"line":89,"column":6},"end":{"line":91,"column":null}}]},"2":{"loc":{"start":{"line":95,"column":6},"end":{"line":97,"column":null}},"type":"if","locations":[{"start":{"line":95,"column":6},"end":{"line":97,"column":null}},{"start":{"line":95,"column":6},"end":{"line":97,"column":null}}]}},"s":{"0":1,"1":1,"2":1,"3":1,"4":1,"5":1,"6":1,"7":1,"8":1,"9":1,"10":1,"11":1,"12":0,"13":0,"14":0,"15":1,"16":1,"17":0,"18":0,"19":1,"20":1,"21":1,"22":1,"23":0,"24":0,"25":0,"26":1,"27":1,"28":1,"29":0,"30":1,"31":1,"32":0,"33":1,"34":1,"35":0,"36":0,"37":1,"38":1,"39":1,"40":1,"41":1,"42":1,"43":1,"44":1,"45":1,"46":1,"47":1,"48":1,"49":1,"50":1,"51":1,"52":1,"53":2},"f":{"0":1,"1":0,"2":0,"3":0,"4":1,"5":1,"6":1,"7":1,"8":1,"9":1,"10":1,"11":1,"12":1,"13":1,"14":1},"b":{"0":[0,0],"1":[0,1],"2":[0,1]}}
,"/Users/grantkang/Desktop/projects/ssr-auth/server/src/services/auth/createTokens.ts": {"path":"/Users/grantkang/Desktop/projects/ssr-auth/server/src/services/auth/createTokens.ts","statementMap":{"0":{"start":{"line":1,"column":0},"end":{"line":1,"column":null}},"1":{"start":{"line":4,"column":13},"end":{"line":4,"column":33}},"2":{"start":{"line":5,"column":2},"end":{"line":5,"column":9}},"3":{"start":{"line":10,"column":13},"end":{"line":10,"column":34}},"4":{"start":{"line":11,"column":2},"end":{"line":11,"column":9}}},"fnMap":{"0":{"name":"(anonymous_0)","decl":{"start":{"line":4,"column":34},"end":{"line":4,"column":48}},"loc":{"start":{"line":4,"column":48},"end":{"line":8,"column":null}}},"1":{"name":"(anonymous_1)","decl":{"start":{"line":10,"column":35},"end":{"line":10,"column":49}},"loc":{"start":{"line":10,"column":49},"end":{"line":18,"column":null}}}},"branchMap":{},"s":{"0":1,"1":1,"2":1,"3":1,"4":1},"f":{"0":1,"1":1},"b":{}}
,"/Users/grantkang/Desktop/projects/ssr-auth/server/src/services/auth/isAuth.ts": {"path":"/Users/grantkang/Desktop/projects/ssr-auth/server/src/services/auth/isAuth.ts","statementMap":{"0":{"start":{"line":3,"column":0},"end":{"line":3,"column":null}},"1":{"start":{"line":5,"column":13},"end":{"line":5,"column":47}},"2":{"start":{"line":6,"column":24},"end":{"line":6,"column":31}},"3":{"start":{"line":7,"column":2},"end":{"line":9,"column":null}},"4":{"start":{"line":8,"column":4},"end":{"line":8,"column":10}},"5":{"start":{"line":11,"column":2},"end":{"line":18,"column":null}},"6":{"start":{"line":12,"column":18},"end":{"line":12,"column":31}},"7":{"start":{"line":13,"column":20},"end":{"line":13,"column":27}},"8":{"start":{"line":14,"column":4},"end":{"line":14,"column":11}},"9":{"start":{"line":16,"column":4},"end":{"line":16,"column":11}},"10":{"start":{"line":17,"column":4},"end":{"line":17,"column":11}},"11":{"start":{"line":19,"column":2},"end":{"line":19,"column":9}}},"fnMap":{"0":{"name":"(anonymous_0)","decl":{"start":{"line":5,"column":47},"end":{"line":5,"column":48}},"loc":{"start":{"line":5,"column":69},"end":{"line":20,"column":null}}}},"branchMap":{"0":{"loc":{"start":{"line":7,"column":2},"end":{"line":9,"column":null}},"type":"if","locations":[{"start":{"line":7,"column":2},"end":{"line":9,"column":null}},{"start":{"line":7,"column":2},"end":{"line":9,"column":null}}]}},"s":{"0":1,"1":1,"2":1,"3":1,"4":0,"5":1,"6":1,"7":1,"8":1,"9":0,"10":0,"11":1},"f":{"0":1},"b":{"0":[0,1]}}
,"/Users/grantkang/Desktop/projects/ssr-auth/server/src/services/auth/sendRefreshToken.ts": {"path":"/Users/grantkang/Desktop/projects/ssr-auth/server/src/services/auth/sendRefreshToken.ts","statementMap":{"0":{"start":{"line":3,"column":13},"end":{"line":3,"column":32}},"1":{"start":{"line":4,"column":2},"end":{"line":4,"column":5}}},"fnMap":{"0":{"name":"(anonymous_0)","decl":{"start":{"line":3,"column":32},"end":{"line":3,"column":33}},"loc":{"start":{"line":3,"column":65},"end":{"line":9,"column":null}}}},"branchMap":{},"s":{"0":1,"1":2},"f":{"0":2},"b":{}}
}
