TN:
SF:/Users/grantkang/Desktop/projects/ssr-auth/server/ormconfig.js
FNF:0
FNH:0
DA:1,1
DA:2,1
DA:4,1
DA:64,1
LF:4
LH:4
BRF:0
BRH:0
end_of_record
TN:
SF:/Users/grantkang/Desktop/projects/ssr-auth/server/src/__tests__/mocks/server.ts
FN:11,(anonymous_7)
FN:21,(anonymous_8)
FN:27,(anonymous_9)
FN:27,(anonymous_10)
FNF:4
FNH:4
FNDA:4,(anonymous_7)
FNDA:2,(anonymous_8)
FNDA:1,(anonymous_9)
FNDA:1,(anonymous_10)
DA:1,1
DA:3,1
DA:4,1
DA:5,1
DA:6,1
DA:7,1
DA:9,1
DA:12,4
DA:21,2
DA:27,1
LF:10
LH:10
BRDA:27,0,0,0
BRDA:27,0,1,1
BRF:2
BRH:1
end_of_record
TN:
SF:/Users/grantkang/Desktop/projects/ssr-auth/server/src/entity/User.ts
FN:7,(anonymous_2)
FNF:1
FNH:1
FNDA:1,(anonymous_2)
DA:1,1
DA:2,1
DA:6,2
DA:7,1
DA:9,1
DA:13,1
DA:16,1
LF:7
LH:7
BRF:0
BRH:0
end_of_record
TN:
SF:/Users/grantkang/Desktop/projects/ssr-auth/server/src/resolvers/UserResolver.ts
FN:25,(anonymous_11)
FN:32,(anonymous_12)
FN:37,(anonymous_13)
FN:44,(anonymous_15)
FN:50,(anonymous_16)
FN:60,(anonymous_18)
FN:81,(anonymous_20)
FN:116,(anonymous_22)
FN:31,(anonymous_24)
FN:36,(anonymous_25)
FN:42,(anonymous_26)
FN:48,(anonymous_27)
FN:59,(anonymous_28)
FN:80,(anonymous_29)
FN:115,(anonymous_30)
FNF:15
FNH:12
FNDA:1,(anonymous_11)
FNDA:0,(anonymous_12)
FNDA:0,(anonymous_13)
FNDA:0,(anonymous_15)
FNDA:1,(anonymous_16)
FNDA:1,(anonymous_18)
FNDA:1,(anonymous_20)
FNDA:1,(anonymous_22)
FNDA:1,(anonymous_24)
FNDA:1,(anonymous_25)
FNDA:1,(anonymous_26)
FNDA:1,(anonymous_27)
FNDA:1,(anonymous_28)
FNDA:1,(anonymous_29)
FNDA:1,(anonymous_30)
DA:1,1
DA:11,1
DA:12,1
DA:13,1
DA:18,1
DA:19,1
DA:22,1
DA:24,1
DA:25,1
DA:26,1
DA:30,2
DA:31,1
DA:32,1
DA:33,0
DA:36,1
DA:37,1
DA:38,0
DA:42,1
DA:44,1
DA:45,0
DA:48,1
DA:50,1
DA:51,1
DA:52,1
DA:54,0
DA:55,0
DA:59,1
DA:60,1
DA:64,1
DA:66,1
DA:67,1
DA:71,1
DA:73,0
DA:74,0
DA:76,0
DA:80,1
DA:81,1
DA:86,1
DA:87,1
DA:89,1
DA:90,0
DA:93,1
DA:95,1
DA:96,0
DA:102,1
DA:105,1
DA:110,0
DA:111,0
DA:115,1
DA:116,1
DA:118,1
DA:119,1
LF:52
LH:40
BRDA:73,0,0,0
BRDA:73,0,1,0
BRDA:89,1,0,0
BRDA:89,1,1,1
BRDA:95,2,0,0
BRDA:95,2,1,1
BRF:6
BRH:2
end_of_record
TN:
SF:/Users/grantkang/Desktop/projects/ssr-auth/server/src/services/auth/createTokens.ts
FN:4,(anonymous_0)
FN:10,(anonymous_1)
FNF:2
FNH:2
FNDA:1,(anonymous_0)
FNDA:1,(anonymous_1)
DA:1,1
DA:4,1
DA:5,1
DA:10,1
DA:11,1
LF:5
LH:5
BRF:0
BRH:0
end_of_record
TN:
SF:/Users/grantkang/Desktop/projects/ssr-auth/server/src/services/auth/isAuth.ts
FN:5,(anonymous_0)
FNF:1
FNH:1
FNDA:1,(anonymous_0)
DA:3,1
DA:5,1
DA:6,1
DA:7,1
DA:8,0
DA:11,1
DA:12,1
DA:13,1
DA:14,1
DA:16,0
DA:17,0
DA:19,1
LF:12
LH:9
BRDA:7,0,0,0
BRDA:7,0,1,1
BRF:2
BRH:1
end_of_record
TN:
SF:/Users/grantkang/Desktop/projects/ssr-auth/server/src/services/auth/sendRefreshToken.ts
FN:3,(anonymous_0)
FNF:1
FNH:1
FNDA:2,(anonymous_0)
DA:3,1
DA:4,2
LF:2
LH:2
BRF:0
BRH:0
end_of_record
